f:\gamenew\gamenew\debug\vc143.pdb
f:\gamenew\gamenew\debug\vc143.idb
f:\gamenew\gamenew\debug\texturemanager.obj
f:\gamenew\gamenew\debug\main.obj
f:\gamenew\gamenew\debug\gameloop.obj
f:\gamenew\gamenew\debug\player.obj
f:\gamenew\gamenew\debug\background.obj
f:\gamenew\gamenew\debug\commonfunction.obj
f:\gamenew\debug\gamenew.exe
f:\gamenew\debug\gamenew.pdb
f:\gamenew\gamenew\debug\gamenew.ilk
f:\gamenew\gamenew\debug\01_hello_sdl.obj
f:\gamenew\gamenew\debug\02_getting_an_image_on_the_screen.obj
f:\gamenew\gamenew\debug\gamenew.tlog\cl.command.1.tlog
f:\gamenew\gamenew\debug\gamenew.tlog\cl.items.tlog
f:\gamenew\gamenew\debug\gamenew.tlog\cl.read.1.tlog
f:\gamenew\gamenew\debug\gamenew.tlog\cl.write.1.tlog
f:\gamenew\gamenew\debug\gamenew.tlog\link.command.1.tlog
f:\gamenew\gamenew\debug\gamenew.tlog\link.read.1.tlog
f:\gamenew\gamenew\debug\gamenew.tlog\link.secondary.1.tlog
f:\gamenew\gamenew\debug\gamenew.tlog\link.write.1.tlog
