  background.cpp
F:\GameNew\Player.h(4,22): error C2504: 'Object': base class undefined
  (compiling source file 'background.cpp')
  
F:\GameNew\GameLoop.h(13,13): error C3646: 'b': unknown override specifier
  (compiling source file 'background.cpp')
  
F:\GameNew\GameLoop.h(13,14): error C4430: missing type specifier - int assumed. Note: C++ does not support default-int
  (compiling source file 'background.cpp')
  
  GameLoop.cpp
  main.cpp
  Object.cpp
F:\GameNew\Player.h(4,22): error C2504: 'Object': base class undefined
  (compiling source file 'Object.cpp')
  
F:\GameNew\Background.h(4,26): error C2504: 'Object': base class undefined
  (compiling source file 'Object.cpp')
  
  Player.cpp
F:\GameNew\Background.h(4,26): error C2504: 'Object': base class undefined
  (compiling source file 'Player.cpp')
  
F:\GameNew\GameLoop.h(12,9): error C3646: 'p': unknown override specifier
  (compiling source file 'Player.cpp')
  
F:\GameNew\GameLoop.h(12,10): error C4430: missing type specifier - int assumed. Note: C++ does not support default-int
  (compiling source file 'Player.cpp')
  
  Generating Code...
